Running on host compute101.bc4.acrc.priv
Time is Fri Apr 15 00:04:58 BST 2022
Directory is /user/home/kh19026/assignment2/advanced-hpc-lbm
Slurm job ID is 10225531
This job runs on the following machines:
compute[101,103-104,106]
0.008253 46.604413 0.002008 46.614674
0.004852 23.847100 0.005445 23.857397
0.034967 13.917243 0.003693 13.955903
0.037344 10.874540 0.005323 10.917207
0.037776 9.175823 0.005647  9.219246
0.036758 8.842772 0.005800  8.885330
0.036993 7.552534 0.005396  7.594923
0.037010 7.144361 0.005490  7.186861
0.038866 6.719902 0.005415  6.764183
0.036094 7.138084 0.007202  7.181380
0.036874 6.603082 0.005725  6.645681
0.001859 6.768221 0.006903  6.776983
0.037787 6.055924 0.006273  6.099984
0.001769 5.056231 0.005794  5.063794
0.036820 4.871286 0.006622  4.914728
0.035318 4.277444 0.005808  4.318570
0.035964 3.818486 0.005903  3.860353
0.036202 4.090552 0.006533  4.133287
0.035014 4.326664 0.006588  4.368266
0.037932 4.006519 0.006089  4.050540
0.001728 3.810900 0.006438  3.819066
0.036323 3.552014 0.006331  3.594668
0.036416 3.319676 0.007594  3.363686
0.001879 3.194580 0.007666  3.204125
0.001839 2.808678 0.006673  2.817190
0.005683 3.174147 0.007234  3.187064
0.001772 3.196483 0.007837  3.206092
0.036843 3.307276 0.008233  3.352352
0.001757 2.891029 0.007709  2.900495
0.001830 2.779678 0.007931  2.789439
0.140604 2.617751 0.007937  2.766292
0.010693 2.425146 0.008194  2.444033
0.001466 2.564120 0.009555  2.575141
0.001711 2.709911 0.010136  2.721758
0.038346 2.730928 0.007296  2.776570
0.054455 2.659005 0.008164  2.721624
0.001743 2.557730 0.007000  2.566473
0.041756 2.389704 0.008346  2.439806
0.108023 2.360590 0.008112  2.476725
0.100952 2.229709 0.010763  2.341424
0.001784 2.177906 0.011898  2.191588
0.001731 2.284862 0.012852  2.299445
0.063433 2.322324 0.007912  2.393669
0.024502 2.301942 0.008581  2.335025
0.001779 2.245424 0.009252  2.256455
0.031778 2.238593 0.008041  2.278412
0.001624 2.118694 0.009456  2.129774
0.002209 2.020892 0.008760  2.031861
0.001749 2.036613 0.008516  2.046878
0.001690 2.176701 0.008937  2.187328
0.001832 2.102773 0.007925  2.112530
0.112040 2.164153 0.007641  2.283834
0.001538 2.069158 0.009662  2.080358
0.102466 2.210597 0.011240  2.324303
0.112475 1.992409 0.010949  2.115833
0.001678 2.001250 0.008878  2.011806
0.026250 2.094649 0.010275  2.131174
0.108399 2.104587 0.010159  2.223145
0.103921 2.032285 0.009343  2.145549
0.096675 1.975841 0.008871  2.081387
0.105674 1.876886 0.009953  1.992513
0.001477 1.988136 0.008523  1.998136
0.091091 1.861120 0.008585  1.960796
0.100834 1.777751 0.008600  1.887185
0.110853 1.870275 0.009510  1.990638
0.111800 1.876151 0.008576  1.996527
0.107014 1.874141 0.010018  1.991173
0.002026 1.904354 0.009850  1.916230
0.118046 1.842322 0.009930  1.970298
0.060278 1.891742 0.010219  1.962239
0.111928 1.908598 0.010922  2.031448
0.112541 1.902008 0.011640  2.026189
0.002365 1.908823 0.011394  1.922582
0.003784 1.835124 0.009546  1.848454
0.002154 1.925684 0.009886  1.937724
0.002334 1.854311 0.009494  1.866139
0.003384 1.822153 0.009751  1.835288
0.001829 1.751917 0.009763  1.763509
0.002226 1.687864 0.010477  1.700567
0.104899 1.645423 0.011790  1.762112
0.109171 1.684481 0.010390  1.804042
0.137566 1.662948 0.011079  1.811593
0.086964 1.707775 0.011517  1.806256
0.113711 1.642731 0.011350  1.767792
0.002358 1.659393 0.011286  1.673037
0.030795 1.717580 0.010419  1.758794
0.010499 1.644089 0.011073  1.665661
0.109073 1.573996 0.010290  1.693359
0.107814 1.675405 0.011100  1.794319
0.002553 1.673375 0.011084  1.687012
0.234129 1.659648 0.010950  1.904727
0.022366 1.798184 0.011250  1.831800
0.122576 1.686799 0.011036  1.820411
0.003044 1.807255 0.010934  1.821233
0.003242 1.767661 0.010740  1.781643
0.111870 1.718572 0.010553  1.840995
0.260174 1.749699 0.011890  2.021763
0.026987 1.832811 0.010345  1.870143
0.003736 1.735712 0.010429  1.749877
0.111440 1.740102 0.011111  1.862653
0.002747 1.771170 0.011365  1.785282
0.114028 1.888858 0.012240  2.015126
0.002569 1.760962 0.012957  1.776488
0.137002 1.752799 0.011156  1.900957
0.112599 1.721617 0.010769  1.844985
0.110222 1.754307 0.012335  1.876864
0.242390 1.785403 0.011137  2.038930
0.111897 1.712107 0.011390  1.835394
0.004148 1.723633 0.011636  1.739417
0.022878 2.023866 0.011629  2.058373
0.156642 1.938653 0.011483  2.106778
0.174543 1.959248 0.012899  2.146690
