Running on host compute101.bc4.acrc.priv
Time is Fri Apr 15 00:14:55 BST 2022
Directory is /user/home/kh19026/assignment2/advanced-hpc-lbm
Slurm job ID is 10225532
This job runs on the following machines:
compute[101,103-104,106]
0.008164 45.467452 0.003237 45.478853
0.004552 23.562821 0.002756 23.570129
0.036406 13.920360 0.003646 13.960412
0.038081 11.247974 0.004278 11.290333
0.039179 9.421111 0.005523  9.465813
0.035989 8.235120 0.006535  8.277644
0.039277 7.202558 0.005877  7.247712
0.037465 6.488835 0.006870  6.533170
0.037704 6.939518 0.005836  6.983058
0.036951 7.107340 0.006484  7.150775
0.036091 6.357088 0.007056  6.400235
0.037506 6.849356 0.005789  6.892651
0.012850 5.862982 0.006295  5.882127
0.036449 5.224003 0.005971  5.266423
0.037649 4.578120 0.007374  4.623143
0.037606 3.824436 0.007133  3.869175
0.001756 4.255732 0.007564  4.265052
0.037800 4.284412 0.006201  4.328413
0.037325 4.302998 0.005728  4.346051
0.035531 4.174342 0.006476  4.216349
0.002973 3.686170 0.006053  3.695196
0.035455 3.324520 0.006092  3.366067
0.025166 3.271003 0.007242  3.303411
0.021353 3.071854 0.007048  3.100255
0.105168 3.098670 0.007343  3.211181
0.001706 3.198038 0.008392  3.208136
0.001631 3.142582 0.007624  3.151837
0.027027 3.107217 0.008004  3.142248
0.001628 3.106077 0.008152  3.115857
0.003321 2.885261 0.006470  2.895052
0.103943 2.587777 0.007346  2.699066
0.010723 2.464456 0.008047  2.483226
0.003305 2.604850 0.008826  2.616981
0.002650 2.579931 0.006625  2.589206
0.001370 2.710785 0.011139  2.723294
0.001864 2.715918 0.007875  2.725657
0.001881 2.539559 0.010739  2.552179
0.002651 2.497803 0.008551  2.509005
0.002818 2.350302 0.008020  2.361140
0.035107 2.311578 0.008999  2.355684
0.001620 2.207731 0.010015  2.219366
0.006074 2.249338 0.010261  2.265673
0.138296 2.289697 0.011163  2.439156
0.021997 2.257293 0.008270  2.287560
0.001817 2.247621 0.007976  2.257414
0.001794 2.216697 0.009529  2.228020
0.036662 2.070697 0.008166  2.115525
0.036574 2.105198 0.009381  2.151153
0.001964 2.112655 0.008652  2.123271
0.001293 2.089485 0.007163  2.097941
0.087381 2.043493 0.009385  2.140259
0.001818 2.133825 0.007921  2.143564
0.001743 2.009211 0.009841  2.020795
0.002426 2.097009 0.010922  2.110357
0.004540 1.988499 0.009547  2.002586
0.106004 2.065600 0.011703  2.183307
0.002240 1.967299 0.012017  1.981556
0.103246 2.068219 0.011083  2.182548
0.001778 1.927675 0.008927  1.938380
0.002045 1.990471 0.009047  2.001563
0.002400 1.915708 0.009300  1.927408
0.001583 1.811665 0.009042  1.822290
0.095646 1.809858 0.008292  1.913796
0.118734 1.813212 0.009634  1.941580
0.137616 1.851231 0.011260  2.000107
0.122623 1.906814 0.009672  2.039109
0.108382 1.858871 0.009641  1.976894
0.055783 1.898672 0.009154  1.963609
0.001996 1.824012 0.009343  1.835351
0.096252 1.851156 0.009656  1.957064
0.095657 1.879823 0.010918  1.986398
0.002296 1.904612 0.009335  1.916243
0.111159 1.921533 0.010411  2.043103
0.110373 1.879433 0.009583  1.999389
0.002313 1.907153 0.009356  1.918822
0.092780 1.896133 0.010190  1.999103
0.002374 1.947334 0.009133  1.958841
0.023959 1.869374 0.012207  1.905540
0.023787 1.648235 0.010670  1.682692
0.108938 1.665925 0.010290  1.785153
0.001769 1.662217 0.010484  1.674470
0.001780 1.671793 0.010084  1.683657
0.087760 1.696369 0.010803  1.794932
0.002053 1.733763 0.011739  1.747555
0.261591 1.670051 0.010372  1.942014
0.002626 1.636229 0.010595  1.649450
0.208989 1.755303 0.011466  1.975758
0.090222 1.665973 0.010137  1.766332
0.112817 1.724972 0.010718  1.848507
0.002088 1.701747 0.010414  1.714249
0.003290 1.688481 0.010153  1.701924
0.002364 1.710171 0.010916  1.723451
0.109698 1.675177 0.011434  1.796309
0.113215 1.734913 0.010962  1.859090
0.002496 1.685915 0.011559  1.699970
0.110947 1.677596 0.010124  1.798667
0.108244 1.678362 0.009974  1.796580
0.112006 1.747037 0.012168  1.871211
0.098225 1.776495 0.010243  1.884963
0.002684 1.727095 0.011753  1.741532
0.112949 1.771130 0.012662  1.896741
0.141851 1.983568 0.011267  2.136686
0.111012 1.744188 0.010861  1.866061
0.002722 1.714681 0.011702  1.729105
0.106950 1.744260 0.013857  1.865067
0.017483 1.747344 0.010698  1.775525
0.220221 1.873216 0.011257  2.104694
0.111863 1.677720 0.011180  1.800763
0.103885 1.837034 0.010997  1.951916
0.113496 1.989112 0.011978  2.114586
0.003772 1.679625 0.021037  1.704434
0.002776 1.867081 0.011122  1.880979
