Running on host compute101.bc4.acrc.priv
Time is Thu Apr 14 23:43:04 BST 2022
Directory is /user/home/kh19026/assignment2/advanced-hpc-lbm
Slurm job ID is 10225525
This job runs on the following machines:
compute[101,103-104,106]
0.033097 46.371382 0.004268 46.408747
0.017909 23.823664 0.002709 23.844282
0.042375 14.073837 0.003786 14.119998
0.040486 10.668304 0.004771 10.713561
0.002766 8.752226 0.005372  8.760364
0.002573 8.008191 0.005949  8.016713
0.033846 7.367542 0.005748  7.407136
0.034596 6.262683 0.006543  6.303822
0.002363 6.655439 0.005043  6.662845
0.036365 6.822037 0.005572  6.863974
0.001841 6.329603 0.006687  6.338131
0.035273 6.383930 0.006273  6.425476
0.035291 5.623507 0.005844  5.664642
0.002038 5.189286 0.006231  5.197555
0.144618 4.526924 0.006323  4.677865
0.035825 3.947520 0.005747  3.989092
0.001900 4.140170 0.006892  4.148962
0.036792 4.555439 0.007866  4.600097
0.001675 4.392406 0.007573  4.401654
0.001832 4.021545 0.006533  4.029910
0.037172 3.928024 0.007161  3.972357
0.035044 3.514302 0.007043  3.556389
0.001643 3.072999 0.006088  3.080730
0.001829 3.002854 0.005986  3.010669
0.033640 3.104772 0.006362  3.144774
0.001478 3.205164 0.006849  3.213491
0.056919 3.054415 0.007004  3.118338
0.035591 3.122382 0.007448  3.165421
0.062448 2.890956 0.006558  2.959962
0.002958 2.853392 0.006430  2.862780
0.001719 2.790152 0.007069  2.798940
0.043034 2.540158 0.007492  2.590684
0.002715 2.512780 0.007834  2.523329
0.034357 2.572348 0.007228  2.613933
0.004842 2.932167 0.007716  2.944725
0.037994 2.682007 0.009300  2.729301
0.002705 2.624961 0.009695  2.637361
0.003019 2.460291 0.008317  2.471627
0.002620 2.347325 0.009653  2.359598
0.001712 2.238876 0.010191  2.250779
0.001596 2.340598 0.009323  2.351517
0.001887 2.301888 0.010799  2.314574
0.143998 2.365076 0.008437  2.517511
0.004382 2.421054 0.008858  2.434294
0.001743 2.196597 0.008879  2.207219
0.001781 2.268854 0.009331  2.279966
0.001743 2.246569 0.008864  2.257176
0.085311 2.134588 0.008566  2.228465
0.001572 2.039634 0.007280  2.048486
0.001761 2.091758 0.009054  2.102573
0.103411 2.129528 0.008428  2.241367
0.001779 2.050571 0.009163  2.061513
0.008869 2.085099 0.010935  2.104903
0.004112 2.047818 0.009477  2.061407
0.001738 2.031968 0.009231  2.042937
0.106119 2.080200 0.009731  2.196050
0.215226 1.953122 0.008632  2.176980
0.034720 2.064095 0.009857  2.108672
0.111872 2.018308 0.008079  2.138259
0.003871 1.958543 0.009634  1.972048
0.032176 1.881417 0.008910  1.922503
0.002164 1.895478 0.010326  1.907968
0.001969 1.864538 0.009254  1.875761
0.110393 1.878463 0.008901  1.997757
0.002920 1.877761 0.008573  1.889254
0.106754 1.843088 0.009557  1.959399
0.125311 1.842545 0.010020  1.977876
0.001863 1.954268 0.009061  1.965192
0.001651 1.891075 0.009696  1.902422
0.115495 1.853767 0.009629  1.978891
0.113950 1.870316 0.009864  1.994130
0.111908 1.879219 0.009991  2.001118
0.153412 1.857209 0.009289  2.019910
0.136465 1.890301 0.009852  2.036618
0.002376 1.910401 0.008940  1.921717
0.127937 1.886847 0.010097  2.024881
0.104738 1.806746 0.008928  1.920412
0.089981 1.904818 0.010770  2.005569
0.112791 1.666968 0.009608  1.789367
0.112087 1.620085 0.010790  1.742962
0.112719 1.638922 0.010406  1.762047
0.001921 1.701451 0.013715  1.717087
0.001827 1.724711 0.011055  1.737593
0.001295 1.670439 0.010202  1.681936
0.003063 1.628286 0.009990  1.641339
0.101848 1.645242 0.010151  1.757241
0.092555 1.714876 0.010430  1.817861
0.113830 1.692481 0.010485  1.816796
0.002603 1.729303 0.011125  1.743031
0.030877 1.668870 0.010242  1.709989
0.141825 1.700180 0.011323  1.853328
0.114442 1.716052 0.010540  1.841034
0.112567 1.767434 0.011656  1.891657
0.117500 1.721478 0.010554  1.849532
0.237102 1.690835 0.011135  1.939072
0.002778 1.701598 0.010638  1.715014
0.281490 1.734263 0.011152  2.026905
0.235880 1.712850 0.010581  1.959311
0.112342 1.749253 0.010347  1.871942
0.123804 1.910954 0.011687  2.046445
0.119809 1.763990 0.010606  1.894405
0.001848 1.808766 0.010939  1.821553
0.002628 1.801697 0.010560  1.814885
0.124140 1.768080 0.010015  1.902235
0.002705 1.751763 0.010539  1.765007
0.113899 1.751901 0.011403  1.877203
0.111499 1.888875 0.011205  2.011579
0.003398 1.802952 0.011038  1.817388
0.128480 2.005539 0.011227  2.145246
0.114604 1.941502 0.011813  2.067919
0.005086 1.874725 0.035252  1.915063
0.004988 1.851496 0.022699  1.879183
