Running on host compute107.bc4.acrc.priv
Time is Thu Apr 14 23:48:16 BST 2022
Directory is /user/home/kh19026/assignment2/advanced-hpc-lbm
Slurm job ID is 10225527
This job runs on the following machines:
compute[107-108,110,117]
0.058764 218.673797 0.013056 218.745617
0.044069 101.369811 0.016262 101.430142
0.077858 65.133914 0.017421  65.229193
0.080008 48.328735 0.037012  48.445755
0.031869 40.787990 0.038272  40.858131
0.055436 35.975934 0.040305  36.071675
0.053749 27.979554 0.025967  28.059270
0.049724 25.244329 0.021642  25.315695
0.050217 25.943874 0.027364  26.021455
0.046599 24.831359 0.026898  24.904856
0.049152 27.945380 0.023995  28.018527
0.046286 26.912342 0.025667  26.984295
0.046040 22.455442 0.023936  22.525418
0.047662 18.388715 0.029635  18.466012
0.048299 17.336666 0.024068  17.409033
0.044461 13.262664 0.026024  13.333149
0.070842 15.154127 0.029148  15.254117
0.044479 16.018756 0.024974  16.088209
0.040189 15.276660 0.032378  15.349227
0.044652 16.143572 0.024189  16.212413
0.016323 14.008126 0.031863  14.056312
0.058906 12.865658 0.027917  12.952481
0.015570 11.053250 0.030603  11.099423
0.147399 9.490028 0.030748   9.668175
0.014986 11.007258 0.032580  11.054824
0.148346 11.416808 0.032389  11.597543
0.027391 11.257444 0.030526  11.315361
0.038136 12.106596 0.034078  12.178810
0.033920 11.201678 0.032516  11.268114
0.020856 10.381046 0.033097  10.434999
0.014663 9.267865 0.029609   9.312137
0.041748 7.470095 0.033443   7.545286
0.112861 8.316537 0.029997   8.459395
0.013162 9.505971 0.033646   9.552779
0.039801 8.629925 0.033891   8.703617
0.012795 7.508837 0.035433   7.557065
0.013710 7.007626 0.034476   7.055812
0.013687 6.865264 0.033948   6.912899
0.023653 6.206309 0.036490   6.266452
0.039956 5.175143 0.031309   5.246408
0.013077 6.001760 0.036962   6.051799
0.038851 6.208561 0.036420   6.283832
0.012535 6.370997 0.035875   6.419407
0.013164 6.317910 0.030868   6.361942
0.012399 5.667545 0.039983   5.719927
0.012406 6.157901 0.037314   6.207621
0.012201 5.471619 0.030415   5.514235
0.038877 4.625455 0.033218   4.697550
0.012886 4.871938 0.032467   4.917291
0.108386 5.564316 0.038074   5.710776
0.033392 5.328059 0.038771   5.400222
0.012870 5.658481 0.033497   5.704848
0.026722 5.409597 0.039209   5.475528
0.035176 5.012054 0.034582   5.081812
0.114967 4.482967 0.033013   4.630947
0.135041 4.164859 0.034426   4.334326
0.012099 4.343427 0.037195   4.392721
0.011979 4.970748 0.038245   5.020972
0.111641 4.898662 0.033597   5.043900
0.114936 4.728989 0.034334   4.878259
0.012375 4.812890 0.035473   4.860738
0.127932 4.124836 0.036304   4.289072
0.012147 3.891742 0.039717   3.943606
0.011680 3.613632 0.035612   3.660924
0.012066 3.942925 0.040725   3.995716
0.088875 4.210195 0.037143   4.336213
0.011771 4.322352 0.037049   4.371172
0.112447 4.348802 0.043386   4.504635
0.109258 4.084760 0.037268   4.231286
0.021746 3.902017 0.037680   3.961443
0.094545 3.664799 0.041583   3.800927
0.011735 3.352434 0.037290   3.401459
0.012155 3.900165 0.043167   3.955487
0.119541 3.641325 0.040833   3.801699
0.028456 4.187626 0.043909   4.259991
0.186908 4.091291 0.051418   4.329617
0.139196 3.682511 0.056481   3.878188
0.116312 3.461121 0.056609   3.634042
0.012018 3.450779 0.050842   3.513639
0.113700 2.992460 0.051272   3.157432
0.011528 3.241841 0.051364   3.304733
0.108148 3.559152 0.049088   3.716388
0.106757 3.416027 0.047674   3.570458
0.119301 3.660965 0.036556   3.816822
0.112369 3.580799 0.031387   3.724555
0.114488 3.133885 0.053309   3.301682
0.012002 2.955449 0.039799   3.007250
0.188652 2.771004 0.050046   3.009702
0.031097 2.804522 0.052662   2.888281
0.112434 3.147453 0.044412   3.304299
0.113195 3.315830 0.036000   3.465025
0.210679 3.255233 0.040637   3.506549
0.114266 3.074560 0.044658   3.233484
0.113359 2.749662 0.049811   2.912832
0.014357 2.846471 0.046535   2.907363
0.185434 2.500874 0.050159   2.736467
0.114922 2.623415 0.057023   2.795360
0.116323 2.762288 0.050533   2.929144
0.206843 2.683988 0.050483   2.941314
0.113936 2.822574 0.045358   2.981868
0.266562 2.654444 0.044128   2.965134
0.013072 2.624873 0.030440   2.668385
0.115765 2.490158 0.053496   2.659419
0.358495 2.315429 0.052506   2.726430
0.258382 2.449585 0.056531   2.764498
0.148588 2.511748 0.044763   2.705099
0.013357 2.599248 0.053472   2.666077
0.113688 2.476954 0.050186   2.640828
0.043204 2.490146 0.053006   2.586356
0.023972 2.505418 0.076967   2.606357
0.014017 2.446811 0.049533   2.510361
0.224899 2.356396 0.048199   2.629494
