Running on host compute107.bc4.acrc.priv
Time is Fri Apr 15 00:16:24 BST 2022
Directory is /user/home/kh19026/assignment2/advanced-hpc-lbm
Slurm job ID is 10225533
This job runs on the following machines:
compute[107-108,110,117]
0.055743 219.261218 0.018375 219.335336
0.035889 102.064320 0.023217 102.123426
0.063227 64.280524 0.029827  64.373578
0.061249 47.801805 0.037040  47.900094
0.061590 40.282489 0.032320  40.376399
0.054024 32.755877 0.019892  32.829793
0.052889 28.186283 0.025031  28.264203
0.050024 25.029263 0.024880  25.104167
0.051902 29.669407 0.036354  29.757663
0.049549 30.056942 0.030599  30.137090
0.047049 27.089214 0.031134  27.167397
0.047217 27.218160 0.027326  27.292703
0.048906 23.567068 0.028319  23.644293
0.046805 19.428160 0.025069  19.500034
0.042332 16.220316 0.024273  16.286921
0.044217 13.241994 0.024197  13.310408
0.046424 15.729357 0.025733  15.801514
0.042364 15.153633 0.025653  15.221650
0.043623 15.520656 0.025727  15.590006
0.043458 16.438530 0.030009  16.511997
0.035983 14.779683 0.031343  14.847009
0.043577 13.060831 0.026374  13.130782
0.015614 11.401844 0.032528  11.449986
0.042377 9.532475 0.030374   9.605226
0.015168 11.029328 0.032179  11.076675
0.042055 10.894012 0.031848  10.967915
0.146658 11.618622 0.033804  11.799084
0.014955 12.385153 0.031546  12.431654
0.014141 11.430757 0.036243  11.481141
0.014603 10.217962 0.029937  10.262502
0.029725 9.097657 0.032435   9.159817
0.041576 8.197690 0.029701   8.268967
0.014001 9.102361 0.035050   9.151412
0.059330 9.365285 0.031248   9.455863
0.013906 8.147650 0.036141   8.197697
0.013497 7.680939 0.038225   7.732661
0.112794 6.881316 0.035482   7.029592
0.043348 6.685333 0.031916   6.760597
0.014622 6.333899 0.032795   6.381316
0.041672 5.554943 0.031630   5.628245
0.013398 5.238054 0.036585   5.288037
0.012565 6.276639 0.036272   6.325476
0.012426 5.902638 0.035732   5.950796
0.013462 6.519894 0.035363   6.568719
0.012196 6.141272 0.037391   6.190859
0.013132 5.984778 0.031721   6.029631
0.012193 5.476068 0.037377   5.525638
0.013516 4.814980 0.037066   4.865562
0.012442 5.118836 0.036459   5.167737
0.041005 5.239025 0.037809   5.317839
0.146385 5.323143 0.037888   5.507416
0.012095 5.414672 0.036398   5.463165
0.045354 5.326782 0.035187   5.407323
0.011889 5.151792 0.033995   5.197676
0.115597 4.470524 0.034135   4.620256
0.021297 4.126637 0.038348   4.186282
0.019289 4.488549 0.034907   4.542745
0.013084 4.685877 0.039554   4.738515
0.100872 4.887818 0.033867   5.022557
0.116407 4.719310 0.039016   4.874733
0.109887 4.659818 0.035875   4.805580
0.025068 4.419955 0.038449   4.483472
0.079721 4.029555 0.034518   4.143794
0.011808 3.765762 0.035675   3.813245
0.011857 3.959709 0.041515   4.013081
0.116597 4.262248 0.036371   4.415216
0.164024 4.293074 0.044879   4.501977
0.026544 4.196672 0.035412   4.258628
0.012002 4.336711 0.038447   4.387160
0.012240 3.803920 0.036619   3.852779
0.114081 3.830619 0.041036   3.985736
0.108447 3.375020 0.036381   3.519848
0.012133 3.784525 0.037724   3.834382
0.075613 3.828834 0.044955   3.949402
0.012412 4.084394 0.050501   4.147307
0.011830 4.084591 0.050806   4.147227
0.041984 3.769683 0.048374   3.860041
0.111070 3.480912 0.049202   3.641184
0.011181 3.349963 0.048559   3.409703
0.112707 2.977619 0.050039   3.140365
0.099532 3.271015 0.050428   3.420975
0.140721 3.585617 0.046953   3.773291
0.013224 3.495588 0.050783   3.559595
0.279986 3.835250 0.054359   4.169595
0.032901 3.218747 0.047524   3.299172
0.113865 3.003509 0.054388   3.171762
0.073596 2.907336 0.050662   3.031594
0.110688 2.688081 0.051641   2.850410
0.013405 2.914169 0.055341   2.982915
0.110800 2.980829 0.050960   3.142589
0.105682 3.099192 0.050634   3.255508
0.140965 3.214075 0.052833   3.407873
0.013156 2.956973 0.051146   3.021275
0.101870 2.908268 0.055647   3.065785
0.012591 2.633375 0.048306   2.694272
0.012053 2.565733 0.053278   2.631064
0.114536 2.668900 0.052477   2.835913
0.116324 2.717947 0.047155   2.881426
0.011590 2.733545 0.051539   2.796674
0.121206 2.838440 0.040572   3.000218
0.012991 2.515456 0.045402   2.573849
0.115450 2.568482 0.043137   2.727069
0.012914 2.628953 0.049271   2.691138
0.120459 2.494959 0.052962   2.668380
0.192298 2.436232 0.051333   2.679863
0.110177 2.576270 0.043867   2.730314
0.175838 2.719220 0.035356   2.930414
0.115995 2.686094 0.047451   2.849540
0.116453 2.520588 0.051511   2.688552
0.012043 2.487059 0.052488   2.551590
0.034174 2.482310 0.051921   2.568405
0.012501 2.428669 0.026420   2.467590
