Running on host compute101.bc4.acrc.priv
Time is Tue Mar 29 13:41:30 BST 2022
Directory is /user/home/kh19026/assignment2/advanced-hpc-lbm
Slurm job ID is 10177921
This job runs on the following machines:
compute[101-104]
Rank 0 av_vel[0] 4.936179937021E-11  tot_u 7.836679287720E-07 ny 2 start_row 0 end_row 1
Rank 34 av_vel[0] 9.872357792373E-11  tot_u 1.567335516484E-06 ny 2 start_row 68 end_row 69
Rank 48 av_vel[0] 9.872357792373E-11  tot_u 1.567335516484E-06 ny 2 start_row 96 end_row 97
Rank 16 av_vel[0] 9.872357792373E-11  tot_u 1.567335516484E-06 ny 2 start_row 32 end_row 33
Rank 63 av_vel[0] 8.748341315368E-06  tot_u 1.388886719942E-01 ny 2 start_row 126 end_row 127
Rank 62 av_vel[0] 9.872357792373E-11  tot_u 1.567335516484E-06 ny 2 start_row 124 end_row 125
Rank 61 av_vel[0] 9.872357792373E-11  tot_u 1.567335516484E-06 ny 2 start_row 122 end_row 123
Rank 55 av_vel[0] 9.872357792373E-11  tot_u 1.567335516484E-06 ny 2 start_row 110 end_row 111
Rank 53 av_vel[0] 9.872357792373E-11  tot_u 1.567335516484E-06 ny 2 start_row 106 end_row 107
Rank 51 av_vel[0] 9.872357792373E-11  tot_u 1.567335516484E-06 ny 2 start_row 102 end_row 103
Rank 50 av_vel[0] 9.872357792373E-11  tot_u 1.567335516484E-06 ny 2 start_row 100 end_row 101
Rank 56 av_vel[0] 9.872357792373E-11  tot_u 1.567335516484E-06 ny 2 start_row 112 end_row 113
Rank 58 av_vel[0] 9.872357792373E-11  tot_u 1.567335516484E-06 ny 2 start_row 116 end_row 117
Rank 59 av_vel[0] 9.872357792373E-11  tot_u 1.567335516484E-06 ny 2 start_row 118 end_row 119
Rank 54 av_vel[0] 9.872357792373E-11  tot_u 1.567335516484E-06 ny 2 start_row 108 end_row 109
Rank 57 av_vel[0] 9.872357792373E-11  tot_u 1.567335516484E-06 ny 2 start_row 114 end_row 115
Rank 60 av_vel[0] 9.872357792373E-11  tot_u 1.567335516484E-06 ny 2 start_row 120 end_row 121
Rank 49 av_vel[0] 9.872357792373E-11  tot_u 1.567335516484E-06 ny 2 start_row 98 end_row 99
Rank 52 av_vel[0] 9.872357792373E-11  tot_u 1.567335516484E-06 ny 2 start_row 104 end_row 105
Rank 46 av_vel[0] 9.872357792373E-11  tot_u 1.567335516484E-06 ny 2 start_row 92 end_row 93
Rank 32 av_vel[0] 9.872357792373E-11  tot_u 1.567335516484E-06 ny 2 start_row 64 end_row 65
Rank 47 av_vel[0] 9.872357792373E-11  tot_u 1.567335516484E-06 ny 2 start_row 94 end_row 95
Rank 33 av_vel[0] 9.872357792373E-11  tot_u 1.567335516484E-06 ny 2 start_row 66 end_row 67
Rank 35 av_vel[0] 9.872357792373E-11  tot_u 1.567335516484E-06 ny 2 start_row 70 end_row 71
Rank 36 av_vel[0] 9.872357792373E-11  tot_u 1.567335516484E-06 ny 2 start_row 72 end_row 73
Rank 37 av_vel[0] 9.872357792373E-11  tot_u 1.567335516484E-06 ny 2 start_row 74 end_row 75
Rank 38 av_vel[0] 9.872357792373E-11  tot_u 1.567335516484E-06 ny 2 start_row 76 end_row 77
Rank 41 av_vel[0] 9.872357792373E-11  tot_u 1.567335516484E-06 ny 2 start_row 82 end_row 83
Rank 43 av_vel[0] 9.872357792373E-11  tot_u 1.567335516484E-06 ny 2 start_row 86 end_row 87
Rank 44 av_vel[0] 9.872357792373E-11  tot_u 1.567335516484E-06 ny 2 start_row 88 end_row 89
Rank 45 av_vel[0] 9.872357792373E-11  tot_u 1.567335516484E-06 ny 2 start_row 90 end_row 91
Rank 39 av_vel[0] 9.872357792373E-11  tot_u 1.567335516484E-06 ny 2 start_row 78 end_row 79
Rank 40 av_vel[0] 9.872357792373E-11  tot_u 1.567335516484E-06 ny 2 start_row 80 end_row 81
Rank 42 av_vel[0] 9.872357792373E-11  tot_u 1.567335516484E-06 ny 2 start_row 84 end_row 85
Rank 17 av_vel[0] 9.872357792373E-11  tot_u 1.567335516484E-06 ny 2 start_row 34 end_row 35
Rank 18 av_vel[0] 9.872357792373E-11  tot_u 1.567335516484E-06 ny 2 start_row 36 end_row 37
Rank 19 av_vel[0] 9.872357792373E-11  tot_u 1.567335516484E-06 ny 2 start_row 38 end_row 39
Rank 20 av_vel[0] 9.872357792373E-11  tot_u 1.567335516484E-06 ny 2 start_row 40 end_row 41
Rank 21 av_vel[0] 9.872357792373E-11  tot_u 1.567335516484E-06 ny 2 start_row 42 end_row 43
Rank 22 av_vel[0] 9.872357792373E-11  tot_u 1.567335516484E-06 ny 2 start_row 44 end_row 45
Rank 23 av_vel[0] 9.872357792373E-11  tot_u 1.567335516484E-06 ny 2 start_row 46 end_row 47
Rank 24 av_vel[0] 9.872357792373E-11  tot_u 1.567335516484E-06 ny 2 start_row 48 end_row 49
Rank 25 av_vel[0] 9.872357792373E-11  tot_u 1.567335516484E-06 ny 2 start_row 50 end_row 51
Rank 26 av_vel[0] 9.872357792373E-11  tot_u 1.567335516484E-06 ny 2 start_row 52 end_row 53
Rank 27 av_vel[0] 9.872357792373E-11  tot_u 1.567335516484E-06 ny 2 start_row 54 end_row 55
Rank 28 av_vel[0] 9.872357792373E-11  tot_u 1.567335516484E-06 ny 2 start_row 56 end_row 57
Rank 29 av_vel[0] 9.872357792373E-11  tot_u 1.567335516484E-06 ny 2 start_row 58 end_row 59
Rank 30 av_vel[0] 9.872357792373E-11  tot_u 1.567335516484E-06 ny 2 start_row 60 end_row 61
Rank 31 av_vel[0] 9.872357792373E-11  tot_u 1.567335516484E-06 ny 2 start_row 62 end_row 63
Rank 1 av_vel[0] 9.872357792373E-11  tot_u 1.567335516484E-06 ny 2 start_row 2 end_row 3
Rank 2 av_vel[0] 9.872357792373E-11  tot_u 1.567335516484E-06 ny 2 start_row 4 end_row 5
Rank 3 av_vel[0] 9.872357792373E-11  tot_u 1.567335516484E-06 ny 2 start_row 6 end_row 7
Rank 4 av_vel[0] 9.872357792373E-11  tot_u 1.567335516484E-06 ny 2 start_row 8 end_row 9
Rank 7 av_vel[0] 9.872357792373E-11  tot_u 1.567335516484E-06 ny 2 start_row 14 end_row 15
Rank 8 av_vel[0] 9.872357792373E-11  tot_u 1.567335516484E-06 ny 2 start_row 16 end_row 17
Rank 9 av_vel[0] 9.872357792373E-11  tot_u 1.567335516484E-06 ny 2 start_row 18 end_row 19
Rank 11 av_vel[0] 9.872357792373E-11  tot_u 1.567335516484E-06 ny 2 start_row 22 end_row 23
Rank 5 av_vel[0] 9.872357792373E-11  tot_u 1.567335516484E-06 ny 2 start_row 10 end_row 11
Rank 6 av_vel[0] 9.872357792373E-11  tot_u 1.567335516484E-06 ny 2 start_row 12 end_row 13
Rank 12 av_vel[0] 9.872357792373E-11  tot_u 1.567335516484E-06 ny 2 start_row 24 end_row 25
Rank 13 av_vel[0] 9.872357792373E-11  tot_u 1.567335516484E-06 ny 2 start_row 26 end_row 27
Rank 14 av_vel[0] 9.872357792373E-11  tot_u 1.567335516484E-06 ny 2 start_row 28 end_row 29
Rank 15 av_vel[0] 9.872357792373E-11  tot_u 1.567335516484E-06 ny 2 start_row 30 end_row 31
Rank 10 av_vel[0] 9.872357792373E-11  tot_u 1.567335516484E-06 ny 2 start_row 20 end_row 21
==done==
Reynolds number:		5.960618972778E+00
Elapsed Init time:			0.001417 (s)
Elapsed Compute time:			1.689043 (s)
Elapsed Collate time:			0.002754 (s)
Elapsed Total time:			1.693214 (s)
