Running on host compute101.bc4.acrc.priv
Time is Mon Feb 28 20:46:06 GMT 2022
Directory is /user/home/kh19026/assignment1/advanced-hpc-lbm
Slurm job ID is 10076361
This job runs on the following machines:
compute101
==done==
Reynolds number:		9.756052970886E+00
Elapsed Init time:			0.006255 (s)
Elapsed Compute time:			5.943968 (s)
Elapsed Collate time:			0.000000 (s)
Elapsed Total time:			5.950223 (s)
==done==
Reynolds number:		9.756012916565E+00
Elapsed Init time:			0.006345 (s)
Elapsed Compute time:			3.642283 (s)
Elapsed Collate time:			0.000000 (s)
Elapsed Total time:			3.648628 (s)
==done==
Reynolds number:		9.756016731262E+00
Elapsed Init time:			0.005300 (s)
Elapsed Compute time:			2.613075 (s)
Elapsed Collate time:			0.000000 (s)
Elapsed Total time:			2.618375 (s)
==done==
Reynolds number:		9.756017684937E+00
Elapsed Init time:			0.005309 (s)
Elapsed Compute time:			2.086087 (s)
Elapsed Collate time:			0.000000 (s)
Elapsed Total time:			2.091396 (s)
==done==
Reynolds number:		9.756008148193E+00
Elapsed Init time:			0.005374 (s)
Elapsed Compute time:			1.817036 (s)
Elapsed Collate time:			0.000000 (s)
Elapsed Total time:			1.822410 (s)
==done==
Reynolds number:		9.756013870239E+00
Elapsed Init time:			0.005473 (s)
Elapsed Compute time:			1.588131 (s)
Elapsed Collate time:			0.000000 (s)
Elapsed Total time:			1.593604 (s)
==done==
Reynolds number:		9.756011009216E+00
Elapsed Init time:			0.005437 (s)
Elapsed Compute time:			1.408539 (s)
Elapsed Collate time:			0.000000 (s)
Elapsed Total time:			1.413976 (s)
==done==
Reynolds number:		9.756012916565E+00
Elapsed Init time:			0.005549 (s)
Elapsed Compute time:			1.312788 (s)
Elapsed Collate time:			0.000000 (s)
Elapsed Total time:			1.318337 (s)
==done==
Reynolds number:		9.756012916565E+00
Elapsed Init time:			0.005603 (s)
Elapsed Compute time:			1.218913 (s)
Elapsed Collate time:			0.000000 (s)
Elapsed Total time:			1.224516 (s)
==done==
Reynolds number:		9.756011962891E+00
Elapsed Init time:			0.005817 (s)
Elapsed Compute time:			1.148038 (s)
Elapsed Collate time:			0.000000 (s)
Elapsed Total time:			1.153855 (s)
==done==
Reynolds number:		9.756014823914E+00
Elapsed Init time:			0.005678 (s)
Elapsed Compute time:			1.075706 (s)
Elapsed Collate time:			0.000000 (s)
Elapsed Total time:			1.081384 (s)
==done==
Reynolds number:		9.756014823914E+00
Elapsed Init time:			0.004263 (s)
Elapsed Compute time:			1.025660 (s)
Elapsed Collate time:			0.000000 (s)
Elapsed Total time:			1.029923 (s)
==done==
Reynolds number:		9.756013870239E+00
Elapsed Init time:			0.006256 (s)
Elapsed Compute time:			0.942862 (s)
Elapsed Collate time:			0.000000 (s)
Elapsed Total time:			0.949118 (s)
==done==
Reynolds number:		9.756018638611E+00
Elapsed Init time:			0.005250 (s)
Elapsed Compute time:			0.944795 (s)
Elapsed Collate time:			0.000000 (s)
Elapsed Total time:			0.950045 (s)
==done==
Reynolds number:		9.756018638611E+00
Elapsed Init time:			0.006297 (s)
Elapsed Compute time:			0.914371 (s)
Elapsed Collate time:			0.000000 (s)
Elapsed Total time:			0.920668 (s)
==done==
Reynolds number:		9.756019592285E+00
Elapsed Init time:			0.004872 (s)
Elapsed Compute time:			0.877030 (s)
Elapsed Collate time:			0.000000 (s)
Elapsed Total time:			0.881902 (s)
==done==
Reynolds number:		9.756018638611E+00
Elapsed Init time:			0.006124 (s)
Elapsed Compute time:			0.861397 (s)
Elapsed Collate time:			0.000000 (s)
Elapsed Total time:			0.867521 (s)
==done==
Reynolds number:		9.756017684937E+00
Elapsed Init time:			0.004673 (s)
Elapsed Compute time:			0.841561 (s)
Elapsed Collate time:			0.000000 (s)
Elapsed Total time:			0.846234 (s)
==done==
Reynolds number:		9.756017684937E+00
Elapsed Init time:			0.006122 (s)
Elapsed Compute time:			0.801567 (s)
Elapsed Collate time:			0.000000 (s)
Elapsed Total time:			0.807689 (s)
==done==
Reynolds number:		9.756018638611E+00
Elapsed Init time:			0.004885 (s)
Elapsed Compute time:			0.775345 (s)
Elapsed Collate time:			0.000000 (s)
Elapsed Total time:			0.780230 (s)
==done==
Reynolds number:		9.756017684937E+00
Elapsed Init time:			0.004885 (s)
Elapsed Compute time:			0.885905 (s)
Elapsed Collate time:			0.000000 (s)
Elapsed Total time:			0.890790 (s)
==done==
Reynolds number:		9.756016731262E+00
Elapsed Init time:			0.005196 (s)
Elapsed Compute time:			0.835608 (s)
Elapsed Collate time:			0.000000 (s)
Elapsed Total time:			0.840804 (s)
==done==
Reynolds number:		9.756014823914E+00
Elapsed Init time:			0.005674 (s)
Elapsed Compute time:			0.743148 (s)
Elapsed Collate time:			0.000000 (s)
Elapsed Total time:			0.748822 (s)
==done==
Reynolds number:		9.756014823914E+00
Elapsed Init time:			0.004648 (s)
Elapsed Compute time:			0.753306 (s)
Elapsed Collate time:			0.000000 (s)
Elapsed Total time:			0.757954 (s)
==done==
Reynolds number:		9.756014823914E+00
Elapsed Init time:			0.005819 (s)
Elapsed Compute time:			0.722880 (s)
Elapsed Collate time:			0.000001 (s)
Elapsed Total time:			0.728700 (s)
==done==
Reynolds number:		9.756017684937E+00
Elapsed Init time:			0.005223 (s)
Elapsed Compute time:			0.744314 (s)
Elapsed Collate time:			0.000001 (s)
Elapsed Total time:			0.749538 (s)
==done==
Reynolds number:		9.756016731262E+00
Elapsed Init time:			0.005329 (s)
Elapsed Compute time:			0.811626 (s)
Elapsed Collate time:			0.000000 (s)
Elapsed Total time:			0.816955 (s)
==done==
Reynolds number:		9.756016731262E+00
Elapsed Init time:			0.005467 (s)
Elapsed Compute time:			0.756670 (s)
Elapsed Collate time:			0.000000 (s)
Elapsed Total time:			0.762137 (s)
==done==
Reynolds number:		1.006098079681E+01
Elapsed Init time:			0.006336 (s)
Elapsed Compute time:			41.786501 (s)
Elapsed Collate time:			0.000001 (s)
Elapsed Total time:			41.792838 (s)
==done==
Reynolds number:		1.006094741821E+01
Elapsed Init time:			0.008982 (s)
Elapsed Compute time:			22.998798 (s)
Elapsed Collate time:			0.000000 (s)
Elapsed Total time:			23.007780 (s)
==done==
Reynolds number:		1.006098747253E+01
Elapsed Init time:			0.007270 (s)
Elapsed Compute time:			15.885524 (s)
Elapsed Collate time:			0.000000 (s)
Elapsed Total time:			15.892794 (s)
==done==
Reynolds number:		1.006098842621E+01
Elapsed Init time:			0.007333 (s)
Elapsed Compute time:			12.455642 (s)
Elapsed Collate time:			0.000000 (s)
Elapsed Total time:			12.462975 (s)
==done==
Reynolds number:		1.006097984314E+01
Elapsed Init time:			0.006614 (s)
Elapsed Compute time:			10.414323 (s)
Elapsed Collate time:			0.000000 (s)
Elapsed Total time:			10.420937 (s)
==done==
Reynolds number:		1.006099414825E+01
Elapsed Init time:			0.006718 (s)
Elapsed Compute time:			8.912572 (s)
Elapsed Collate time:			0.000000 (s)
Elapsed Total time:			8.919290 (s)
==done==
Reynolds number:		1.006098556519E+01
Elapsed Init time:			0.006270 (s)
Elapsed Compute time:			7.766458 (s)
Elapsed Collate time:			0.000000 (s)
Elapsed Total time:			7.772728 (s)
==done==
Reynolds number:		1.006098270416E+01
Elapsed Init time:			0.006438 (s)
Elapsed Compute time:			7.133096 (s)
Elapsed Collate time:			0.000000 (s)
Elapsed Total time:			7.139534 (s)
==done==
Reynolds number:		1.006098842621E+01
Elapsed Init time:			0.006324 (s)
Elapsed Compute time:			6.466599 (s)
Elapsed Collate time:			0.000000 (s)
Elapsed Total time:			6.472923 (s)
==done==
Reynolds number:		1.006098079681E+01
Elapsed Init time:			0.006299 (s)
Elapsed Compute time:			6.066464 (s)
Elapsed Collate time:			0.000000 (s)
Elapsed Total time:			6.072763 (s)
==done==
Reynolds number:		1.006098270416E+01
Elapsed Init time:			0.006590 (s)
Elapsed Compute time:			5.572934 (s)
Elapsed Collate time:			0.000000 (s)
Elapsed Total time:			5.579524 (s)
==done==
Reynolds number:		1.006098079681E+01
Elapsed Init time:			0.005746 (s)
Elapsed Compute time:			5.121744 (s)
Elapsed Collate time:			0.000000 (s)
Elapsed Total time:			5.127490 (s)
==done==
Reynolds number:		1.006098365784E+01
Elapsed Init time:			0.007296 (s)
Elapsed Compute time:			4.909513 (s)
Elapsed Collate time:			0.000000 (s)
Elapsed Total time:			4.916809 (s)
==done==
Reynolds number:		1.006097984314E+01
Elapsed Init time:			0.004955 (s)
Elapsed Compute time:			4.565242 (s)
Elapsed Collate time:			0.000000 (s)
Elapsed Total time:			4.570197 (s)
==done==
Reynolds number:		1.006098556519E+01
Elapsed Init time:			0.007641 (s)
Elapsed Compute time:			4.387971 (s)
Elapsed Collate time:			0.000000 (s)
Elapsed Total time:			4.395612 (s)
==done==
Reynolds number:		1.006098556519E+01
Elapsed Init time:			0.005331 (s)
Elapsed Compute time:			4.052662 (s)
Elapsed Collate time:			0.000000 (s)
Elapsed Total time:			4.057993 (s)
==done==
Reynolds number:		1.006098079681E+01
Elapsed Init time:			0.006625 (s)
Elapsed Compute time:			4.001860 (s)
Elapsed Collate time:			0.000000 (s)
Elapsed Total time:			4.008485 (s)
==done==
Reynolds number:		1.006098270416E+01
Elapsed Init time:			0.007213 (s)
Elapsed Compute time:			3.830982 (s)
Elapsed Collate time:			0.000000 (s)
Elapsed Total time:			3.838195 (s)
==done==
Reynolds number:		1.006098270416E+01
Elapsed Init time:			0.006750 (s)
Elapsed Compute time:			3.647192 (s)
Elapsed Collate time:			0.000000 (s)
Elapsed Total time:			3.653942 (s)
==done==
Reynolds number:		1.006098270416E+01
Elapsed Init time:			0.005748 (s)
Elapsed Compute time:			3.519328 (s)
Elapsed Collate time:			0.000000 (s)
Elapsed Total time:			3.525076 (s)
==done==
Reynolds number:		1.006098270416E+01
Elapsed Init time:			0.005029 (s)
Elapsed Compute time:			3.325219 (s)
Elapsed Collate time:			0.000000 (s)
Elapsed Total time:			3.330248 (s)
==done==
Reynolds number:		1.006098270416E+01
Elapsed Init time:			0.005594 (s)
Elapsed Compute time:			3.306126 (s)
Elapsed Collate time:			0.000000 (s)
Elapsed Total time:			3.311720 (s)
==done==
Reynolds number:		1.006098079681E+01
Elapsed Init time:			0.005856 (s)
Elapsed Compute time:			3.150386 (s)
Elapsed Collate time:			0.000000 (s)
Elapsed Total time:			3.156242 (s)
==done==
Reynolds number:		1.006098651886E+01
Elapsed Init time:			0.006051 (s)
Elapsed Compute time:			3.092464 (s)
Elapsed Collate time:			0.000000 (s)
Elapsed Total time:			3.098515 (s)
==done==
Reynolds number:		1.006098556519E+01
Elapsed Init time:			0.005350 (s)
Elapsed Compute time:			2.959663 (s)
Elapsed Collate time:			0.000000 (s)
Elapsed Total time:			2.965013 (s)
==done==
Reynolds number:		1.006098175049E+01
Elapsed Init time:			0.005792 (s)
Elapsed Compute time:			2.927856 (s)
Elapsed Collate time:			0.000000 (s)
Elapsed Total time:			2.933648 (s)
==done==
Reynolds number:		1.006098079681E+01
Elapsed Init time:			0.006076 (s)
Elapsed Compute time:			2.741133 (s)
Elapsed Collate time:			0.000000 (s)
Elapsed Total time:			2.747209 (s)
==done==
Reynolds number:		1.006098079681E+01
Elapsed Init time:			0.005388 (s)
Elapsed Compute time:			2.755084 (s)
Elapsed Collate time:			0.000000 (s)
Elapsed Total time:			2.760472 (s)
==done==
Reynolds number:		3.376216650009E+00
Elapsed Init time:			0.030612 (s)
Elapsed Compute time:			215.868697 (s)
Elapsed Collate time:			0.000000 (s)
Elapsed Total time:			215.899309 (s)
==done==
Reynolds number:		3.376621007919E+00
Elapsed Init time:			0.050491 (s)
Elapsed Compute time:			103.593484 (s)
Elapsed Collate time:			0.000000 (s)
Elapsed Total time:			103.643975 (s)
==done==
Reynolds number:		3.376029014587E+00
Elapsed Init time:			0.036902 (s)
Elapsed Compute time:			74.932654 (s)
Elapsed Collate time:			0.000001 (s)
Elapsed Total time:			74.969557 (s)
==done==
Reynolds number:		3.376505613327E+00
Elapsed Init time:			0.038658 (s)
Elapsed Compute time:			54.463523 (s)
Elapsed Collate time:			0.000000 (s)
Elapsed Total time:			54.502181 (s)
==done==
Reynolds number:		3.376517534256E+00
Elapsed Init time:			0.032884 (s)
Elapsed Compute time:			48.311838 (s)
Elapsed Collate time:			0.000000 (s)
Elapsed Total time:			48.344722 (s)
==done==
Reynolds number:		3.376543521881E+00
Elapsed Init time:			0.031372 (s)
Elapsed Compute time:			40.567569 (s)
Elapsed Collate time:			0.000000 (s)
Elapsed Total time:			40.598941 (s)
==done==
Reynolds number:		3.376561880112E+00
Elapsed Init time:			0.028860 (s)
Elapsed Compute time:			34.597115 (s)
Elapsed Collate time:			0.000000 (s)
Elapsed Total time:			34.625975 (s)
==done==
Reynolds number:		3.376530885696E+00
Elapsed Init time:			0.032565 (s)
Elapsed Compute time:			28.516818 (s)
Elapsed Collate time:			0.000000 (s)
Elapsed Total time:			28.549383 (s)
==done==
Reynolds number:		3.376511573792E+00
Elapsed Init time:			0.029074 (s)
Elapsed Compute time:			28.161411 (s)
Elapsed Collate time:			0.000000 (s)
Elapsed Total time:			28.190485 (s)
==done==
Reynolds number:		3.376536607742E+00
Elapsed Init time:			0.030035 (s)
Elapsed Compute time:			25.668070 (s)
Elapsed Collate time:			0.000000 (s)
Elapsed Total time:			25.698105 (s)
==done==
Reynolds number:		3.376549005508E+00
Elapsed Init time:			0.030300 (s)
Elapsed Compute time:			23.439647 (s)
Elapsed Collate time:			0.000000 (s)
Elapsed Total time:			23.469947 (s)
==done==
Reynolds number:		3.376547813416E+00
Elapsed Init time:			0.029976 (s)
Elapsed Compute time:			21.089372 (s)
Elapsed Collate time:			0.000000 (s)
Elapsed Total time:			21.119348 (s)
==done==
Reynolds number:		3.376544475555E+00
Elapsed Init time:			0.024886 (s)
Elapsed Compute time:			20.403773 (s)
Elapsed Collate time:			0.000000 (s)
Elapsed Total time:			20.428659 (s)
==done==
Reynolds number:		3.376556396484E+00
Elapsed Init time:			0.030417 (s)
Elapsed Compute time:			18.045530 (s)
Elapsed Collate time:			0.000000 (s)
Elapsed Total time:			18.075947 (s)
==done==
Reynolds number:		3.376552820206E+00
Elapsed Init time:			0.029363 (s)
Elapsed Compute time:			17.907333 (s)
Elapsed Collate time:			0.000000 (s)
Elapsed Total time:			17.936696 (s)
==done==
Reynolds number:		3.376550912857E+00
Elapsed Init time:			0.029951 (s)
Elapsed Compute time:			16.065216 (s)
Elapsed Collate time:			0.000000 (s)
Elapsed Total time:			16.095167 (s)
==done==
Reynolds number:		3.376550436020E+00
Elapsed Init time:			0.023652 (s)
Elapsed Compute time:			17.699378 (s)
Elapsed Collate time:			0.000000 (s)
Elapsed Total time:			17.723030 (s)
==done==
Reynolds number:		3.376545906067E+00
Elapsed Init time:			0.023724 (s)
Elapsed Compute time:			15.397828 (s)
Elapsed Collate time:			0.000000 (s)
Elapsed Total time:			15.421552 (s)
==done==
Reynolds number:		3.376552581787E+00
Elapsed Init time:			0.027123 (s)
Elapsed Compute time:			17.321016 (s)
Elapsed Collate time:			0.000000 (s)
Elapsed Total time:			17.348139 (s)
==done==
Reynolds number:		3.376554250717E+00
Elapsed Init time:			0.024128 (s)
Elapsed Compute time:			15.354149 (s)
Elapsed Collate time:			0.000000 (s)
Elapsed Total time:			15.378277 (s)
==done==
Reynolds number:		3.376553058624E+00
Elapsed Init time:			0.023290 (s)
Elapsed Compute time:			13.291972 (s)
Elapsed Collate time:			0.000000 (s)
Elapsed Total time:			13.315262 (s)
==done==
Reynolds number:		3.376550912857E+00
Elapsed Init time:			0.030524 (s)
Elapsed Compute time:			12.402103 (s)
Elapsed Collate time:			0.000000 (s)
Elapsed Total time:			12.432627 (s)
==done==
Reynolds number:		3.376557111740E+00
Elapsed Init time:			0.030325 (s)
Elapsed Compute time:			12.827878 (s)
Elapsed Collate time:			0.000000 (s)
Elapsed Total time:			12.858203 (s)
==done==
Reynolds number:		3.376552581787E+00
Elapsed Init time:			0.029735 (s)
Elapsed Compute time:			13.407172 (s)
Elapsed Collate time:			0.000000 (s)
Elapsed Total time:			13.436907 (s)
==done==
Reynolds number:		3.376558542252E+00
Elapsed Init time:			0.029882 (s)
Elapsed Compute time:			14.415765 (s)
Elapsed Collate time:			0.000000 (s)
Elapsed Total time:			14.445647 (s)
==done==
Reynolds number:		3.376551866531E+00
Elapsed Init time:			0.029340 (s)
Elapsed Compute time:			14.027042 (s)
Elapsed Collate time:			0.000000 (s)
Elapsed Total time:			14.056382 (s)
==done==
Reynolds number:		3.376548767090E+00
Elapsed Init time:			0.030192 (s)
Elapsed Compute time:			13.103838 (s)
Elapsed Collate time:			0.000000 (s)
Elapsed Total time:			13.134030 (s)
==done==
Reynolds number:		3.376553773880E+00
Elapsed Init time:			0.024609 (s)
Elapsed Compute time:			13.145337 (s)
Elapsed Collate time:			0.000000 (s)
Elapsed Total time:			13.169946 (s)
