Running on host compute109.bc4.acrc.priv
Time is Mon Feb 28 20:54:36 GMT 2022
Directory is /user/home/kh19026/assignment1/advanced-hpc-lbm
Slurm job ID is 10076419
This job runs on the following machines:
compute109
==done==
Reynolds number:		9.756052970886E+00
Elapsed Init time:			0.026506 (s)
Elapsed Compute time:			5.936171 (s)
Elapsed Collate time:			0.000000 (s)
Elapsed Total time:			5.962677 (s)
==done==
Reynolds number:		1.006098079681E+01
Elapsed Init time:			0.027966 (s)
Elapsed Compute time:			41.802720 (s)
Elapsed Collate time:			0.000000 (s)
Elapsed Total time:			41.830686 (s)
==done==
Reynolds number:		3.376216650009E+00
Elapsed Init time:			0.049667 (s)
Elapsed Compute time:			213.247574 (s)
Elapsed Collate time:			0.000000 (s)
Elapsed Total time:			213.297241 (s)
==done==
Reynolds number:		9.755419731140E+00
Elapsed Init time:			0.007341 (s)
Elapsed Compute time:			5.867099 (s)
Elapsed Collate time:			0.000000 (s)
Elapsed Total time:			5.874440 (s)
==done==
Reynolds number:		1.006092166901E+01
Elapsed Init time:			0.009074 (s)
Elapsed Compute time:			44.493648 (s)
Elapsed Collate time:			0.000000 (s)
Elapsed Total time:			44.502722 (s)
==done==
Reynolds number:		3.376689434052E+00
Elapsed Init time:			0.039499 (s)
Elapsed Compute time:			218.718307 (s)
Elapsed Collate time:			0.000000 (s)
Elapsed Total time:			218.757806 (s)
==done==
Reynolds number:		9.755419731140E+00
Elapsed Init time:			0.005285 (s)
Elapsed Compute time:			5.864590 (s)
Elapsed Collate time:			0.000001 (s)
Elapsed Total time:			5.869876 (s)
==done==
Reynolds number:		1.006092166901E+01
Elapsed Init time:			0.007517 (s)
Elapsed Compute time:			45.131601 (s)
Elapsed Collate time:			0.000000 (s)
Elapsed Total time:			45.139118 (s)
==done==
Reynolds number:		3.376689434052E+00
Elapsed Init time:			0.037793 (s)
Elapsed Compute time:			219.146381 (s)
Elapsed Collate time:			0.000000 (s)
Elapsed Total time:			219.184174 (s)
